<?xml version="1.0" encoding="UTF-8"?>
<testng-results ignored="0" total="2" passed="2" failed="0" skipped="0">
  <reporter-output>
  </reporter-output>
  <suite started-at="2025-08-16T10:33:04 IST" name="Suite" finished-at="2025-08-16T10:33:12 IST" duration-ms="7187">
    <groups>
    </groups>
    <test started-at="2025-08-16T10:33:04 IST" name="Test" finished-at="2025-08-16T10:33:12 IST" duration-ms="7187">
      <class name="Login_Test.Login_Tests">
        <test-method is-config="true" signature="setup()[pri:0, instance:Login_Test.Login_Tests@294425a7]" started-at="2025-08-16T10:33:04 IST" name="setup" finished-at="2025-08-16T10:33:06 IST" duration-ms="1571" status="PASS">
          <reporter-output>
          </reporter-output>
        </test-method> <!-- setup -->
        <test-method signature="Start()[pri:0, instance:Login_Test.Login_Tests@294425a7]" started-at="2025-08-16T10:33:06 IST" name="Start" finished-at="2025-08-16T10:33:10 IST" duration-ms="3877" status="PASS">
          <reporter-output>
          </reporter-output>
        </test-method> <!-- Start -->
        <test-method signature="validation()[pri:1, instance:Login_Test.Login_Tests@294425a7]" started-at="2025-08-16T10:33:10 IST" name="validation" finished-at="2025-08-16T10:33:11 IST" duration-ms="1585" status="PASS">
          <reporter-output>
          </reporter-output>
        </test-method> <!-- validation -->
        <test-method is-config="true" signature="closeBrowser()[pri:0, instance:Login_Test.Login_Tests@294425a7]" started-at="2025-08-16T10:33:11 IST" name="closeBrowser" finished-at="2025-08-16T10:33:12 IST" duration-ms="109" status="PASS">
          <reporter-output>
          </reporter-output>
        </test-method> <!-- closeBrowser -->
      </class> <!-- Login_Test.Login_Tests -->
    </test> <!-- Test -->
  </suite> <!-- Suite -->
</testng-results>
