<?xml version="1.0" encoding="UTF-8"?>
<testng-results ignored="0" total="2" passed="2" failed="0" skipped="0">
  <reporter-output>
  </reporter-output>
  <suite started-at="2025-08-12T16:24:46 IST" name="Default suite" finished-at="2025-08-12T16:24:53 IST" duration-ms="7493">
    <groups>
    </groups>
    <test started-at="2025-08-12T16:24:46 IST" name="Default test" finished-at="2025-08-12T16:24:53 IST" duration-ms="7493">
      <class name="Login_Test.Login_Tests">
        <test-method is-config="true" signature="setup()[pri:0, instance:Login_Test.Login_Tests@402c4085]" started-at="2025-08-12T16:24:46 IST" name="setup" finished-at="2025-08-12T16:24:47 IST" duration-ms="1732" status="PASS">
          <reporter-output>
          </reporter-output>
        </test-method> <!-- setup -->
        <test-method signature="Start()[pri:0, instance:Login_Test.Login_Tests@402c4085]" started-at="2025-08-12T16:24:48 IST" name="Start" finished-at="2025-08-12T16:24:51 IST" duration-ms="3434" status="PASS">
          <reporter-output>
          </reporter-output>
        </test-method> <!-- Start -->
        <test-method signature="validation()[pri:1, instance:Login_Test.Login_Tests@402c4085]" started-at="2025-08-12T16:24:51 IST" name="validation" finished-at="2025-08-12T16:24:53 IST" duration-ms="1996" status="PASS">
          <reporter-output>
          </reporter-output>
        </test-method> <!-- validation -->
        <test-method is-config="true" signature="closeBrowser()[pri:0, instance:Login_Test.Login_Tests@402c4085]" started-at="2025-08-12T16:24:53 IST" name="closeBrowser" finished-at="2025-08-12T16:24:53 IST" duration-ms="279" status="PASS">
          <reporter-output>
          </reporter-output>
        </test-method> <!-- closeBrowser -->
      </class> <!-- Login_Test.Login_Tests -->
    </test> <!-- Default test -->
  </suite> <!-- Default suite -->
</testng-results>
