<?xml version="1.0" encoding="UTF-8"?>
<testng-results ignored="0" total="2" passed="2" failed="0" skipped="0">
  <reporter-output>
  </reporter-output>
  <suite started-at="2025-08-16T11:06:44 IST" name="Suite" finished-at="2025-08-16T11:06:59 IST" duration-ms="14450">
    <groups>
    </groups>
    <test started-at="2025-08-16T11:06:44 IST" name="Test" finished-at="2025-08-16T11:06:59 IST" duration-ms="14450">
      <class name="Login_Test.Login_Tests">
        <test-method is-config="true" signature="setup()[pri:0, instance:Login_Test.Login_Tests@33065d67]" started-at="2025-08-16T11:06:44 IST" name="setup" finished-at="2025-08-16T11:06:53 IST" duration-ms="8458" status="PASS">
          <reporter-output>
          </reporter-output>
        </test-method> <!-- setup -->
        <test-method signature="Start()[pri:0, instance:Login_Test.Login_Tests@33065d67]" started-at="2025-08-16T11:06:53 IST" name="Start" finished-at="2025-08-16T11:06:57 IST" duration-ms="3888" status="PASS">
          <reporter-output>
          </reporter-output>
        </test-method> <!-- Start -->
        <test-method signature="validation()[pri:1, instance:Login_Test.Login_Tests@33065d67]" started-at="2025-08-16T11:06:57 IST" name="validation" finished-at="2025-08-16T11:06:59 IST" duration-ms="1760" status="PASS">
          <reporter-output>
          </reporter-output>
        </test-method> <!-- validation -->
        <test-method is-config="true" signature="closeBrowser()[pri:0, instance:Login_Test.Login_Tests@33065d67]" started-at="2025-08-16T11:06:59 IST" name="closeBrowser" finished-at="2025-08-16T11:06:59 IST" duration-ms="276" status="PASS">
          <reporter-output>
          </reporter-output>
        </test-method> <!-- closeBrowser -->
      </class> <!-- Login_Test.Login_Tests -->
    </test> <!-- Test -->
  </suite> <!-- Suite -->
</testng-results>
